<?xml version="1.0" encoding="UTF-8"?>
<testng-results skipped="0" failed="0" ignored="0" total="2" passed="2">
  <reporter-output>
  </reporter-output>
  <suite name="Suite" duration-ms="222307" started-at="2020-04-15T11:31:30Z" finished-at="2020-04-15T11:35:12Z">
    <groups>
    </groups>
    <test name="Ecommerce Site Automation" duration-ms="222307" started-at="2020-04-15T11:31:30Z" finished-at="2020-04-15T11:35:12Z">
      <class name="com.testCases.SignupTest">
        <test-method status="PASS" signature="setup(java.lang.String)[pri:0, instance:com.testCases.SignupTest@42e26948]" name="setup" is-config="true" duration-ms="171035" started-at="2020-04-15T11:31:34Z" finished-at="2020-04-15T11:34:25Z">
          <params>
            <param index="0">
              <value>
                <![CDATA[chrome]]>
              </value>
            </param>
          </params>
          <reporter-output>
          </reporter-output>
        </test-method> <!-- setup -->
        <test-method status="PASS" signature="registration()[pri:1, instance:com.testCases.SignupTest@42e26948]" name="registration" duration-ms="18213" started-at="2020-04-15T11:34:25Z" finished-at="2020-04-15T11:34:43Z">
          <reporter-output>
          </reporter-output>
        </test-method> <!-- registration -->
        <test-method status="PASS" signature="personalInformation()[pri:2, instance:com.testCases.SignupTest@42e26948]" name="personalInformation" duration-ms="28987" started-at="2020-04-15T11:34:43Z" finished-at="2020-04-15T11:35:12Z">
          <reporter-output>
          </reporter-output>
        </test-method> <!-- personalInformation -->
      </class> <!-- com.testCases.SignupTest -->
    </test> <!-- Ecommerce Site Automation -->
  </suite> <!-- Suite -->
</testng-results>
