<?xml version="1.0" encoding="UTF-8"?>
<testng-results skipped="0" failed="0" ignored="0" total="1" passed="1">
  <reporter-output>
  </reporter-output>
  <suite name="Suite" duration-ms="113401" started-at="2020-04-02T12:56:49Z" finished-at="2020-04-02T12:58:42Z">
    <groups>
    </groups>
    <test name="Test" duration-ms="113401" started-at="2020-04-02T12:56:49Z" finished-at="2020-04-02T12:58:42Z">
      <class name="gittest.Sel">
        <test-method status="PASS" signature="SS()[pri:0, instance:gittest.Sel@37374a5e]" name="SS" duration-ms="113249" started-at="2020-04-02T12:56:49Z" finished-at="2020-04-02T12:58:42Z">
          <reporter-output>
          </reporter-output>
        </test-method> <!-- SS -->
      </class> <!-- gittest.Sel -->
    </test> <!-- Test -->
  </suite> <!-- Suite -->
</testng-results>
